[00:54:17] [User Authenticator #603/INFO]: UUID of player extractor987 is e48b8e7b-5f63-4a1c-8042-1591e295396a
[00:54:18] [Server thread/INFO]: extractor987[/137.155.240.6:45109] logged in with entity id 13437380 at (1666.2304083815193, 38.0, -2765.300000011921)
[00:54:18] [Server thread/INFO]: extractor987 joined the game
[00:54:21] [Server thread/INFO]: extractor987 lost connection: Disconnected
[00:54:21] [Server thread/INFO]: extractor987 left the game
[00:56:22] [User Authenticator #604/INFO]: UUID of player extractor987 is e48b8e7b-5f63-4a1c-8042-1591e295396a
[00:56:22] [Server thread/INFO]: extractor987[/137.155.240.6:18519] logged in with entity id 13437830 at (1666.2304083815193, 38.0, -2765.300000011921)
[00:56:22] [Server thread/INFO]: extractor987 joined the game
[01:07:36] [User Authenticator #605/INFO]: UUID of player CaptainPrice151 is 9496661a-daec-4dec-9604-abc3754e9c59
[01:07:36] [Server thread/INFO]: CaptainPrice151[/155.31.33.120:53459] logged in with entity id 13449298 at (1666.699999988079, 38.0, -2765.9475573913514)
[01:07:36] [Server thread/INFO]: CaptainPrice151 joined the game
[01:43:16] [Server thread/INFO]: extractor987 was slain by Enderman
[01:54:19] [Server thread/INFO]: CaptainPrice151 lost connection: Disconnected
[01:54:19] [Server thread/INFO]: CaptainPrice151 left the game
[01:59:55] [Server thread/INFO]: extractor987 lost connection: Disconnected
[01:59:55] [Server thread/INFO]: extractor987 left the game
[02:00:16] [User Authenticator #606/INFO]: UUID of player CUBEY12 is db0c05a9-5106-4d23-ba8f-e786469ca4e2
[02:00:16] [Server thread/INFO]: CUBEY12[/45.3.118.244:1403] logged in with entity id 13519011 at (4092.8198846819714, 64.0, -5256.900045099995)
[02:00:16] [Server thread/INFO]: CUBEY12 joined the game
[02:04:07] [User Authenticator #607/INFO]: UUID of player ThatBabo is d390a8d3-d501-4c33-bade-34b1a7d7eec2
[02:04:07] [Server thread/INFO]: ThatBabo[/128.211.112.209:59222] logged in with entity id 13533235 at (1536.942657440324, 75.0, -2361.3674203480164)
[02:04:07] [Server thread/INFO]: ThatBabo joined the game
[02:04:09] [User Authenticator #608/INFO]: UUID of player Sluggerguy2 is f1b23017-2f22-4660-b0b3-2873d4ba93a2
[02:04:09] [Server thread/INFO]: Sluggerguy2[/50.84.78.184:52308] logged in with entity id 13534098 at (1590.300000011921, 64.0, -2341.699999988079)
[02:04:09] [Server thread/INFO]: Sluggerguy2 joined the game
[02:09:09] [User Authenticator #609/INFO]: UUID of player extractor987 is e48b8e7b-5f63-4a1c-8042-1591e295396a
[02:09:09] [Server thread/INFO]: extractor987[/137.155.240.6:49122] logged in with entity id 13552271 at (1536.449891209599, 74.0625, -2333.310790535439)
[02:09:09] [Server thread/INFO]: extractor987 joined the game
[02:09:26] [Server thread/INFO]: <extractor987> sup
[02:09:39] [Server thread/INFO]: <CUBEY12> hey
[02:24:06] [Server thread/INFO]: CUBEY12 has made the advancement [Withering Heights]
[02:24:06] [Server thread/INFO]: ThatBabo has made the advancement [Withering Heights]
[02:24:06] [Server thread/INFO]: Sluggerguy2 has made the advancement [Withering Heights]
[02:24:20] [Server thread/INFO]: ThatBabo has made the advancement [Take Aim]
[02:24:48] [Server thread/INFO]: ThatBabo was slain by Wither
[02:30:53] [Server thread/INFO]: Sluggerguy2 has made the advancement [Bring Home the Beacon]
[02:30:53] [Server thread/INFO]: CUBEY12 has made the advancement [Bring Home the Beacon]
[02:30:53] [Server thread/INFO]: ThatBabo has made the advancement [Bring Home the Beacon]
[02:40:09] [Server thread/INFO]: ThatBabo lost connection: Disconnected
[02:40:09] [Server thread/INFO]: ThatBabo left the game
[02:50:40] [User Authenticator #610/INFO]: UUID of player nicdrumnicthumb is 24ab4e7e-b664-4586-8ad1-46fef0f20551
[02:50:40] [Server thread/INFO]: nicdrumnicthumb[/137.155.241.30:35027] logged in with entity id 13630827 at (1539.0467165118519, 18.0, -2344.064742316487)
[02:50:40] [Server thread/INFO]: nicdrumnicthumb joined the game
[02:57:09] [Server thread/INFO]: CUBEY12 has reached the goal [Beaconator]
[02:57:09] [Server thread/INFO]: Sluggerguy2 has reached the goal [Beaconator]
[02:57:54] [Server thread/INFO]: <Sluggerguy2> speed 2 all around the community now :)
[02:57:58] [Server thread/INFO]: <nicdrumnicthumb> crazy
[02:57:59] [Server thread/INFO]: <nicdrumnicthumb> thx
[02:58:43] [Server thread/INFO]: <Sluggerguy2> LOL
[02:58:46] [Server thread/INFO]: <Sluggerguy2> try jumping
[03:02:56] [Server thread/INFO]: nicdrumnicthumb lost connection: Disconnected
[03:02:56] [Server thread/INFO]: nicdrumnicthumb left the game
[03:03:01] [Server thread/INFO]: <CUBEY12> twe fast as fuck boys
[03:03:02] [Server thread/INFO]: com.mojang.authlib.GameProfile@9276ec2[id=<null>,name=nicdrumnicthumb,properties={},legacy=false] (/137.155.241.30:4490) lost connection: Disconnected
[03:03:04] [Server thread/INFO]: com.mojang.authlib.GameProfile@43d3b050[id=<null>,name=nicdrumnicthumb,properties={},legacy=false] (/137.155.241.30:7480) lost connection: Disconnected
[03:03:50] [Server thread/INFO]: <extractor987> sup
[03:03:53] [Server thread/INFO]: <CUBEY12> nice rape dungeon you got here
[03:03:55] [Server thread/INFO]: com.mojang.authlib.GameProfile@6e3f2406[id=<null>,name=NuggetNed,properties={},legacy=false] (/137.155.249.69:26173) lost connection: Disconnected
[03:03:57] [Server thread/INFO]: <extractor987> thx
[03:04:51] [User Authenticator #611/INFO]: UUID of player NuggetNed is 4e67b5b5-33b5-4d9b-b12d-6a701697f3d9
[03:04:51] [Server thread/INFO]: NuggetNed[/137.155.249.69:42452] logged in with entity id 13650226 at (1527.6022747831917, 95.0, -2414.4956364987484)
[03:04:51] [Server thread/INFO]: NuggetNed joined the game
[03:04:59] [Server thread/INFO]: <CUBEY12> join call B
[03:05:05] [Server thread/INFO]: <NuggetNed> studyign for physics
[03:05:13] [Server thread/INFO]: <CUBEY12> we got a beacon
[03:05:23] [Server thread/INFO]: <NuggetNed> i saw gj
[03:05:56] [Server thread/INFO]: <NuggetNed> t
[03:06:45] [Server thread/INFO]: NuggetNed lost connection: Disconnected
[03:06:45] [Server thread/INFO]: NuggetNed left the game
[03:07:08] [User Authenticator #612/INFO]: UUID of player NuggetNed is 4e67b5b5-33b5-4d9b-b12d-6a701697f3d9
[03:07:08] [Server thread/INFO]: NuggetNed[/137.155.249.69:53045] logged in with entity id 13654683 at (1587.4222977791587, 69.0, -2387.2426726174)
[03:07:08] [Server thread/INFO]: NuggetNed joined the game
[03:07:15] [User Authenticator #613/INFO]: UUID of player nicdrumnicthumb is 24ab4e7e-b664-4586-8ad1-46fef0f20551
[03:07:16] [Server thread/INFO]: nicdrumnicthumb[/137.155.241.30:33526] logged in with entity id 13654931 at (1569.2003193162236, 71.0, -2355.055074743476)
[03:07:16] [Server thread/INFO]: nicdrumnicthumb joined the game
[03:07:57] [Server thread/INFO]: NuggetNed lost connection: Disconnected
[03:07:57] [Server thread/INFO]: NuggetNed left the game
[03:08:36] [Server thread/INFO]: nicdrumnicthumb lost connection: Internal Exception: io.netty.channel.unix.Errors$NativeIoException: syscall:read(..) failed: Connection reset by peer
[03:08:36] [Server thread/INFO]: nicdrumnicthumb left the game
[03:10:51] [Server thread/INFO]: extractor987 lost connection: Disconnected
[03:10:51] [Server thread/INFO]: extractor987 left the game
[03:11:01] [Server thread/INFO]: com.mojang.authlib.GameProfile@3a36c22c[id=<null>,name=extractor987,properties={},legacy=false] (/137.155.240.6:30142) lost connection: Disconnected
[03:11:06] [Server thread/INFO]: com.mojang.authlib.GameProfile@17b62519[id=<null>,name=extractor987,properties={},legacy=false] (/137.155.240.6:56651) lost connection: Disconnected
[03:12:48] [User Authenticator #614/INFO]: UUID of player extractor987 is e48b8e7b-5f63-4a1c-8042-1591e295396a
[03:12:48] [Server thread/INFO]: extractor987[/137.155.240.6:40363] logged in with entity id 13662962 at (1541.300000011921, 63.0, -2344.300000011921)
[03:12:48] [Server thread/INFO]: extractor987 joined the game
[03:13:17] [Server thread/INFO]: extractor987 lost connection: Disconnected
[03:13:17] [Server thread/INFO]: extractor987 left the game
[03:13:43] [User Authenticator #615/INFO]: UUID of player extractor987 is e48b8e7b-5f63-4a1c-8042-1591e295396a
[03:13:43] [Server thread/INFO]: extractor987[/137.155.240.6:24587] logged in with entity id 13664011 at (1541.300000011921, 63.0, -2344.300000011921)
[03:13:43] [Server thread/INFO]: extractor987 joined the game
[03:14:34] [Server thread/INFO]: extractor987 lost connection: Disconnected
[03:14:34] [Server thread/INFO]: extractor987 left the game
[03:14:39] [User Authenticator #616/INFO]: UUID of player extractor987 is e48b8e7b-5f63-4a1c-8042-1591e295396a
[03:14:39] [Server thread/INFO]: extractor987[/137.155.240.6:36607] logged in with entity id 13664903 at (1541.300000011921, 63.0, -2344.300000011921)
[03:14:39] [Server thread/INFO]: extractor987 joined the game
[03:15:39] [Server thread/INFO]: extractor987 lost connection: Disconnected
[03:15:39] [Server thread/INFO]: extractor987 left the game
[03:15:43] [User Authenticator #617/INFO]: UUID of player extractor987 is e48b8e7b-5f63-4a1c-8042-1591e295396a
[03:15:43] [Server thread/INFO]: extractor987[/137.155.240.6:37290] logged in with entity id 13666417 at (1558.385614447273, 74.02442408821369, -2398.0519466841206)
[03:15:43] [Server thread/INFO]: extractor987 joined the game
[03:16:43] [Server thread/INFO]: extractor987 lost connection: Disconnected
[03:16:43] [Server thread/INFO]: extractor987 left the game
[03:22:07] [Server thread/WARN]: CUBEY12 moved wrongly!
[03:26:35] [Server thread/INFO]: CUBEY12 lost connection: Disconnected
[03:26:35] [Server thread/INFO]: CUBEY12 left the game
[03:26:46] [Server thread/INFO]: Sluggerguy2 lost connection: Disconnected
[03:26:46] [Server thread/INFO]: Sluggerguy2 left the game
[04:43:12] [User Authenticator #618/INFO]: UUID of player extractor987 is e48b8e7b-5f63-4a1c-8042-1591e295396a
[04:43:12] [Server thread/INFO]: extractor987[/137.155.240.6:57217] logged in with entity id 13678445 at (1547.8483888330852, 84.25220334025373, -2451.6902881095125)
[04:43:12] [Server thread/INFO]: extractor987 joined the game
[04:44:08] [Server thread/INFO]: extractor987 lost connection: Disconnected
[04:44:08] [Server thread/INFO]: extractor987 left the game
[04:44:16] [User Authenticator #619/INFO]: UUID of player extractor987 is e48b8e7b-5f63-4a1c-8042-1591e295396a
[04:44:16] [Server thread/INFO]: extractor987[/137.155.240.6:54824] logged in with entity id 13679871 at (1572.010875161959, 69.0, -2375.3672396606357)
[04:44:16] [Server thread/INFO]: extractor987 joined the game
[04:45:01] [Server thread/INFO]: extractor987 lost connection: Disconnected
[04:45:01] [Server thread/INFO]: extractor987 left the game
[04:45:04] [User Authenticator #620/INFO]: UUID of player extractor987 is e48b8e7b-5f63-4a1c-8042-1591e295396a
[04:45:05] [Server thread/INFO]: extractor987[/137.155.240.6:22669] logged in with entity id 13681003 at (1564.9362928746064, 73.25220334025373, -2331.6453773597073)
[04:45:05] [Server thread/INFO]: extractor987 joined the game
[04:46:05] [Server thread/INFO]: extractor987 lost connection: Disconnected
[04:46:05] [Server thread/INFO]: extractor987 left the game
[04:46:09] [User Authenticator #621/INFO]: UUID of player extractor987 is e48b8e7b-5f63-4a1c-8042-1591e295396a
[04:46:09] [Server thread/INFO]: extractor987[/137.155.240.6:44539] logged in with entity id 13682627 at (1562.125519541623, 72.9375, -2321.935709994211)
[04:46:09] [Server thread/INFO]: extractor987 joined the game
[04:46:53] [Server thread/INFO]: extractor987 lost connection: Disconnected
[04:46:53] [Server thread/INFO]: extractor987 left the game
[04:46:57] [User Authenticator #622/INFO]: UUID of player extractor987 is e48b8e7b-5f63-4a1c-8042-1591e295396a
[04:46:57] [Server thread/INFO]: extractor987[/137.155.240.6:36755] logged in with entity id 13683365 at (1562.125519541623, 72.9375, -2321.935709994211)
[04:46:57] [Server thread/INFO]: extractor987 joined the game
[04:47:57] [Server thread/INFO]: extractor987 lost connection: Disconnected
[04:47:57] [Server thread/INFO]: extractor987 left the game
[04:48:28] [User Authenticator #623/INFO]: UUID of player extractor987 is e48b8e7b-5f63-4a1c-8042-1591e295396a
[04:48:28] [Server thread/INFO]: extractor987[/137.155.240.6:23376] logged in with entity id 13684627 at (1560.925000011921, 72.9375, -2321.993250320402)
[04:48:28] [Server thread/INFO]: extractor987 joined the game
[04:49:29] [Server thread/INFO]: extractor987 lost connection: Disconnected
[04:49:29] [Server thread/INFO]: extractor987 left the game
[04:49:32] [User Authenticator #624/INFO]: UUID of player extractor987 is e48b8e7b-5f63-4a1c-8042-1591e295396a
[04:49:32] [Server thread/INFO]: extractor987[/137.155.240.6:62778] logged in with entity id 13686016 at (1560.9711400076096, 72.9375, -2321.602906630425)
[04:49:32] [Server thread/INFO]: extractor987 joined the game
[04:50:18] [Server thread/INFO]: extractor987 lost connection: Disconnected
[04:50:18] [Server thread/INFO]: extractor987 left the game
[04:50:21] [User Authenticator #625/INFO]: UUID of player extractor987 is e48b8e7b-5f63-4a1c-8042-1591e295396a
[04:50:21] [Server thread/INFO]: extractor987[/137.155.240.6:40531] logged in with entity id 13686892 at (1562.738513393693, 72.9375, -2322.0571302935623)
[04:50:21] [Server thread/INFO]: extractor987 joined the game
[04:51:01] [Server thread/INFO]: extractor987 lost connection: Disconnected
[04:51:01] [Server thread/INFO]: extractor987 left the game
[04:51:03] [User Authenticator #626/INFO]: UUID of player extractor987 is e48b8e7b-5f63-4a1c-8042-1591e295396a
[04:51:03] [Server thread/INFO]: extractor987[/137.155.240.6:34886] logged in with entity id 13687881 at (1560.9315569391474, 72.9375, -2322.007514963317)
[04:51:03] [Server thread/INFO]: extractor987 joined the game
[05:04:30] [Server thread/INFO]: extractor987 has made the advancement [A Seedy Place]
[05:06:14] [Server thread/INFO]: extractor987 lost connection: Disconnected
[05:06:14] [Server thread/INFO]: extractor987 left the game
[05:19:47] [User Authenticator #627/INFO]: UUID of player CaptainPrice151 is 9496661a-daec-4dec-9604-abc3754e9c59
[05:19:47] [Server thread/INFO]: CaptainPrice151[/155.31.33.120:54619] logged in with entity id 13705187 at (1529.115176054663, 95.0, -2421.104305743545)
[05:19:47] [Server thread/INFO]: CaptainPrice151 joined the game
[05:30:52] [Server thread/INFO]: CaptainPrice151 lost connection: Disconnected
[05:30:52] [Server thread/INFO]: CaptainPrice151 left the game
[09:11:55] [User Authenticator #628/INFO]: UUID of player Fur is 06c16e2a-f8ef-47f2-8b3b-46e64217c872
[09:11:55] [Server thread/INFO]: Fur[/137.155.240.228:30462] logged in with entity id 13718912 at (1569.440368873655, 77.98706138936093, -2344.0165556303155)
[09:11:55] [Server thread/INFO]: Fur joined the game
[09:12:15] [Server thread/INFO]: [Fur: Teleported Fur to 1.5, 100.0, 1.5]
[09:13:32] [Server thread/INFO]: Fur lost connection: Disconnected
[09:13:32] [Server thread/INFO]: Fur left the game
[09:15:23] [User Authenticator #629/INFO]: UUID of player Fur is 06c16e2a-f8ef-47f2-8b3b-46e64217c872
[09:15:23] [Server thread/INFO]: Fur[/137.155.240.228:27849] logged in with entity id 13719758 at (-12.220309799211861, 90.59365375184262, -144.74686038700997)
[09:15:23] [Server thread/INFO]: Fur joined the game
[09:15:29] [Server thread/INFO]: [Fur: Teleported Fur to 1.5, 100.0, 1.5]
[09:16:06] [Server thread/INFO]: [Fur: Set the time to 1000]
[09:16:19] [Server thread/INFO]: Fur lost connection: Disconnected
[09:16:19] [Server thread/INFO]: Fur left the game
[09:24:55] [User Authenticator #630/INFO]: UUID of player Fur is 06c16e2a-f8ef-47f2-8b3b-46e64217c872
[09:24:56] [Server thread/INFO]: Fur[/137.155.240.228:33508] logged in with entity id 13719873 at (1.5, 134.86933268158276, 1.5)
[09:24:56] [Server thread/INFO]: Fur joined the game
[09:26:02] [Server thread/INFO]: [Fur: Set own game mode to Creative Mode]
[09:26:58] [Server thread/INFO]: Fur lost connection: Disconnected
[09:26:58] [Server thread/INFO]: Fur left the game
[09:29:16] [User Authenticator #631/INFO]: UUID of player Fur is 06c16e2a-f8ef-47f2-8b3b-46e64217c872
[09:29:16] [Server thread/INFO]: Fur[/137.155.240.228:11962] logged in with entity id 13724579 at (-285.5983848258, 97.0, 11.064873822806895)
[09:29:16] [Server thread/INFO]: Fur joined the game
[09:33:59] [Server thread/WARN]: Fur moved too quickly! -10.186650654747154,0.0,-2.411250201362236
[09:34:46] [Server thread/INFO]: Fur fell out of the world
[09:34:46] [Server thread/INFO]: [Fur: Killed Fur]
[09:38:21] [Server thread/WARN]: Fur moved too quickly! 8.045660650323384,0.11583097129097553,-7.320262790251746
[09:39:01] [Server thread/WARN]: Fur moved too quickly! -0.3294463472592497,-13.388918647426578,0.19010755820988834
[09:39:07] [Server thread/INFO]: You must specify which player you wish to perform this action on.
[09:39:16] [Server thread/INFO]: Set Fur's game mode to Spectator Mode
[09:40:23] [Server thread/INFO]: Fur lost connection: Disconnected
[09:40:23] [Server thread/INFO]: Fur left the game
[09:42:29] [User Authenticator #632/INFO]: UUID of player Fur is 06c16e2a-f8ef-47f2-8b3b-46e64217c872
[09:42:29] [Server thread/INFO]: Fur[/137.155.240.228:51264] logged in with entity id 13804732 at (-210.7515449223684, 73.68134759937358, -407.2710663247517)
[09:42:29] [Server thread/INFO]: Fur joined the game
[09:47:07] [Server thread/INFO]: <Fur> tp 1 100 1
[09:47:22] [Server thread/INFO]: [Fur: Teleported Fur to 1.5, 100.0, 1.5]
[09:49:09] [Server thread/INFO]: [Fur: Set own game mode to Spectator Mode]
[09:49:14] [Server thread/INFO]: [Fur: Set own game mode to Adventure Mode]
[09:49:19] [Server thread/INFO]: Fur fell from a high place
[09:56:41] [Server thread/INFO]: Fur lost connection: Disconnected
[09:56:41] [Server thread/INFO]: Fur left the game
[10:00:34] [User Authenticator #633/INFO]: UUID of player Fur is 06c16e2a-f8ef-47f2-8b3b-46e64217c872
[10:00:35] [Server thread/INFO]: Fur[/137.155.240.228:21785] logged in with entity id 13814378 at (-95.70991120418505, 76.0, -86.81771438884141)
[10:00:35] [Server thread/INFO]: Fur joined the game
[10:00:57] [Server thread/INFO]: [Fur: Set own game mode to Spectator Mode]
[10:01:27] [Server thread/INFO]: Fur lost connection: Disconnected
[10:01:27] [Server thread/INFO]: Fur left the game
[10:03:45] [User Authenticator #634/INFO]: UUID of player Fur is 06c16e2a-f8ef-47f2-8b3b-46e64217c872
[10:03:45] [Server thread/INFO]: Fur[/137.155.240.228:52536] logged in with entity id 13815137 at (-269.6773743132729, 41.84334031232666, -307.8726626558499)
[10:03:45] [Server thread/INFO]: Fur joined the game
[10:06:15] [Server thread/INFO]: <Fur> wda
[10:06:36] [Server thread/INFO]: Fur lost connection: Disconnected
[10:06:36] [Server thread/INFO]: Fur left the game
[10:09:32] [User Authenticator #635/INFO]: UUID of player Fur is 06c16e2a-f8ef-47f2-8b3b-46e64217c872
[10:09:32] [Server thread/INFO]: Fur[/137.155.240.228:5319] logged in with entity id 13816091 at (-213.51217477084015, 63.9565680334845, -172.92569481647638)
[10:09:32] [Server thread/INFO]: Fur joined the game
[10:09:56] [Server thread/INFO]: [Fur: Teleported Fur to 1.5, 100.0, 1.5]
[10:10:49] [Server thread/INFO]: Fur lost connection: Disconnected
[10:10:49] [Server thread/INFO]: Fur left the game
[10:14:06] [Server thread/INFO]: Saving...
[10:14:06] [Server thread/INFO]: Saved the world
